==15051== Memcheck, a memory error detector
==15051== Copyright (C) 2002-2017, and GNU GPL'd, by Julian Seward et al.
==15051== Using Valgrind-3.14.0-353a3587bb-20181007X and LibVEX; rerun with -h for copyright info
==15051== Command: ./mybenzar.filler
==15051== 
--15051-- Valgrind options:
--15051--    --leak-check=full
--15051--    -v
--15051--    --track-origins=yes
--15051-- Output from sysctl({CTL_KERN,KERN_VERSION}):
--15051--   Darwin Kernel Version 16.7.0: Thu Jun 15 17:36:27 PDT 2017; root:xnu-3789.70.16~2/RELEASE_X86_64
--15051-- Arch and hwcaps: AMD64, LittleEndian, amd64-cx16-rdtscp-sse3-avx
--15051-- Page sizes: currently 4096, max supported 4096
--15051-- Valgrind library directory: /Users/mybenzar/.brew/Cellar/valgrind/3.14.0/lib/valgrind
--15051-- ./mybenzar.filler (rx at 0x100000000, rw at 0x10000a000)
--15051--    reading syms   from primary file (112 1133)
--15051--    dSYM= ./mybenzar.filler.dSYM/Contents/Resources/DWARF/mybenzar.filler
--15051--    reading dwarf3 from dsyms file
--15051-- /usr/lib/dyld (rx at 0x100014000, rw at 0x100052000)
--15051--    reading syms   from primary file (6 1223)
--15051-- Scheduler: using generic scheduler lock implementation.
--15051-- Reading suppressions file: /Users/mybenzar/.brew/Cellar/valgrind/3.14.0/lib/valgrind/default.supp
==15051== embedded gdbserver: reading from /var/folders/zz/zyxvpxvq6csfxvn_n00040rh001064/T//vgdb-pipe-from-vgdb-to-15051-by-mybenzar-on-???
==15051== embedded gdbserver: writing to   /var/folders/zz/zyxvpxvq6csfxvn_n00040rh001064/T//vgdb-pipe-to-vgdb-from-15051-by-mybenzar-on-???
==15051== embedded gdbserver: shared mem   /var/folders/zz/zyxvpxvq6csfxvn_n00040rh001064/T//vgdb-pipe-shared-mem-vgdb-15051-by-mybenzar-on-???
==15051== 
==15051== TO CONTROL THIS PROCESS USING vgdb (which you probably
==15051== don't want to do, unless you know exactly what you're doing,
==15051== or are doing some strange experiment):
==15051==   /Users/mybenzar/.brew/Cellar/valgrind/3.14.0/lib/valgrind/../../bin/vgdb --pid=15051 ...command...
==15051== 
==15051== TO DEBUG THIS PROCESS USING GDB: start GDB like this
==15051==   /path/to/gdb ./mybenzar.filler
==15051== and then give GDB the following command
==15051==   target remote | /Users/mybenzar/.brew/Cellar/valgrind/3.14.0/lib/valgrind/../../bin/vgdb --pid=15051
==15051== --pid is optional if only one valgrind process is running
==15051== 
--15051-- REDIR: 0x10003a620 (dyld:strcmp) redirected to 0x2580577c6 (???)
--15051-- REDIR: 0x100034130 (dyld:arc4random) redirected to 0x258057864 (???)
--15051-- REDIR: 0x100033fe0 (dyld:strlen) redirected to 0x258057795 (???)
--15051-- REDIR: 0x100033f40 (dyld:strcpy) redirected to 0x2580577e2 (???)
--15051-- REDIR: 0x1000377dd (dyld:strcat) redirected to 0x2580577a6 (???)
--15051-- REDIR: 0x10003781b (dyld:strlcat) redirected to 0x2580577ff (???)
--15051-- /Users/mybenzar/.brew/Cellar/valgrind/3.14.0/lib/valgrind/vgpreload_core-amd64-darwin.so (rx at 0x10009f000, rw at 0x1000a5000)
--15051--    reading syms   from primary file (3 88)
--15051--    dSYM= /Users/mybenzar/.brew/Cellar/valgrind/3.14.0/lib/valgrind/vgpreload_core-amd64-darwin.so.dSYM/Contents/Resources/DWARF/vgpreload_core-amd64-darwin.so
--15051-- /Users/mybenzar/.brew/Cellar/valgrind/3.14.0/lib/valgrind/vgpreload_memcheck-amd64-darwin.so (rx at 0x1000a9000, rw at 0x1000b2000)
--15051--    reading syms   from primary file (72 96)
--15051--    dSYM= /Users/mybenzar/.brew/Cellar/valgrind/3.14.0/lib/valgrind/vgpreload_memcheck-amd64-darwin.so.dSYM/Contents/Resources/DWARF/vgpreload_memcheck-amd64-darwin.so
--15051-- /usr/lib/libSystem.B.dylib (rx at 0x1000b8000, rw at 0x1000ba000)
--15051--    reading syms   from primary file (31 5)
--15051-- /usr/lib/system/libcache.dylib (rx at 0x1000bf000, rw at 0x1000c4000)
--15051--    reading syms   from primary file (32 29)
--15051-- /usr/lib/system/libcommonCrypto.dylib (rx at 0x1000c9000, rw at 0x1000d4000)
--15051--    reading syms   from primary file (214 167)
--15051-- /usr/lib/system/libcompiler_rt.dylib (rx at 0x1000e1000, rw at 0x1000e9000)
--15051--    reading syms   from primary file (510 8)
--15051-- /usr/lib/system/libcopyfile.dylib (rx at 0x1000f6000, rw at 0x1000ff000)
--15051--    reading syms   from primary file (13 35)
--15051-- /usr/lib/system/libcorecrypto.dylib (rx at 0x100105000, rw at 0x100189000)
--15051--    reading syms   from primary file (479 678)
--15051-- /usr/lib/system/libdispatch.dylib (rx at 0x1001a4000, rw at 0x1001d6000)
--15051--    reading syms   from primary file (258 910)
--15051-- /usr/lib/system/libdyld.dylib (rx at 0x10020f000, rw at 0x100215000)
--15051--    reading syms   from primary file (98 130)
--15051-- /usr/lib/system/libkeymgr.dylib (rx at 0x10021d000, rw at 0x10021e000)
--15051--    reading syms   from primary file (12 3)
--15051-- /usr/lib/system/liblaunch.dylib (rx at 0x100222000, rw at 0x100223000)
--15051--    reading syms   from primary file (113 3)
--15051-- /usr/lib/system/libmacho.dylib (rx at 0x10022a000, rw at 0x100230000)
--15051--    reading syms   from primary file (102 1)
--15051-- /usr/lib/system/libquarantine.dylib (rx at 0x100236000, rw at 0x100239000)
--15051--    reading syms   from primary file (67 32)
--15051-- /usr/lib/system/libremovefile.dylib (rx at 0x10023f000, rw at 0x100241000)
--15051--    reading syms   from primary file (15 4)
--15051-- /usr/lib/system/libsystem_asl.dylib (rx at 0x100246000, rw at 0x10025f000)
--15051--    reading syms   from primary file (222 224)
--15051-- /usr/lib/system/libsystem_blocks.dylib (rx at 0x10026c000, rw at 0x10026d000)
--15051--    reading syms   from primary file (21 6)
--15051-- /usr/lib/system/libsystem_c.dylib (rx at 0x100271000, rw at 0x1002ff000)
--15051--    reading syms   from primary file (1331 777)
--15051-- /usr/lib/system/libsystem_configuration.dylib (rx at 0x100326000, rw at 0x10032a000)
--15051--    reading syms   from primary file (38 75)
--15051-- /usr/lib/system/libsystem_coreservices.dylib (rx at 0x100331000, rw at 0x100335000)
--15051--    reading syms   from primary file (14 36)
--15051-- /usr/lib/system/libsystem_coretls.dylib (rx at 0x10033a000, rw at 0x100353000)
--15051--    reading syms   from primary file (130 250)
--15051-- /usr/lib/system/libsystem_dnssd.dylib (rx at 0x10035e000, rw at 0x100365000)
--15051--    reading syms   from primary file (49 24)
--15051-- /usr/lib/system/libsystem_info.dylib (rx at 0x10036a000, rw at 0x100394000)
--15051--    reading syms   from primary file (523 519)
--15051-- /usr/lib/system/libsystem_kernel.dylib (rx at 0x1003a9000, rw at 0x1003cc000)
--15051--    reading syms   from primary file (1179 98)
--15051-- /usr/lib/system/libsystem_m.dylib (rx at 0x1003e3000, rw at 0x10042b000)
--15051--    reading syms   from primary file (605 1)
--15051-- /usr/lib/system/libsystem_malloc.dylib (rx at 0x100437000, rw at 0x100456000)
--15051--    reading syms   from primary file (117 253)
--15051-- /usr/lib/system/libsystem_network.dylib (rx at 0x100462000, rw at 0x1004bc000)
--15051--    reading syms   from primary file (730 584)
--15051-- /usr/lib/system/libsystem_networkextension.dylib (rx at 0x1004de000, rw at 0x1004e8000)
--15051--    reading syms   from primary file (89 229)
--15051-- /usr/lib/system/libsystem_notify.dylib (rx at 0x1004f3000, rw at 0x1004fd000)
--15051--    reading syms   from primary file (113 54)
--15051-- /usr/lib/system/libsystem_platform.dylib (rx at 0x100504000, rw at 0x10050d000)
--15051--    reading syms   from primary file (158 105)
--15051-- /usr/lib/system/libsystem_pthread.dylib (rx at 0x100515000, rw at 0x100520000)
--15051--    reading syms   from primary file (174 79)
--15051-- /usr/lib/system/libsystem_sandbox.dylib (rx at 0x10052c000, rw at 0x100530000)
--15051--    reading syms   from primary file (85 9)
--15051-- /usr/lib/system/libsystem_secinit.dylib (rx at 0x100536000, rw at 0x100538000)
--15051--    reading syms   from primary file (1 7)
--15051-- /usr/lib/system/libsystem_symptoms.dylib (rx at 0x10053d000, rw at 0x100545000)
--15051--    reading syms   from primary file (8 66)
--15051-- /usr/lib/system/libsystem_trace.dylib (rx at 0x10054b000, rw at 0x10055f000)
--15051--    reading syms   from primary file (101 236)
--15051-- /usr/lib/system/libunwind.dylib (rx at 0x10056d000, rw at 0x100573000)
--15051--    reading syms   from primary file (102 52)
--15051-- /usr/lib/system/libxpc.dylib (rx at 0x10057a000, rw at 0x1005a4000)
--15051--    reading syms   from primary file (515 825)
--15051-- /usr/lib/libobjc.A.dylib (rx at 0x1005c3000, rw at 0x100999000)
--15051--    reading syms   from primary file (368 886)
--15051-- /usr/lib/libc++abi.dylib (rx at 0x100a76000, rw at 0x100aa0000)
--15051--    reading syms   from primary file (339 188)
--15051-- /usr/lib/libc++.1.dylib (rx at 0x100aaf000, rw at 0x100b06000)
--15051--    reading syms   from primary file (1979 1610)
--15051-- REDIR: 0x100505760 (libsystem_platform.dylib:_platform_memcmp) redirected to 0x1000ac849 (_platform_memcmp)
--15051-- REDIR: 0x100505cc0 (libsystem_platform.dylib:_platform_strncmp) redirected to 0x1000ac055 (_platform_strncmp)
--15051-- REDIR: 0x100272b40 (libsystem_c.dylib:strlen) redirected to 0x1000abce6 (strlen)
--15051-- REDIR: 0x100506280 (libsystem_platform.dylib:_platform_strcmp) redirected to 0x1000ac0d1 (_platform_strcmp)
--15051-- REDIR: 0x10043bd61 (libsystem_malloc.dylib:calloc) redirected to 0x1000aabc7 (calloc)
--15051-- REDIR: 0x10043b3dc (libsystem_malloc.dylib:malloc_default_zone) redirected to 0x1000ab909 (malloc_default_zone)
--15051-- REDIR: 0x100439217 (libsystem_malloc.dylib:malloc_zone_malloc) redirected to 0x1000aa813 (malloc_zone_malloc)
--15051-- REDIR: 0x10043b3e7 (libsystem_malloc.dylib:malloc_zone_calloc) redirected to 0x1000aadb5 (malloc_zone_calloc)
--15051-- REDIR: 0x1004381e8 (libsystem_malloc.dylib:malloc) redirected to 0x1000aa5a0 (malloc)
--15051-- REDIR: 0x100505fa0 (libsystem_platform.dylib:_platform_memmove$VARIANT$Ivybridge) redirected to 0x1000acf83 (_platform_memmove$VARIANT$Ivybridge)
--15051-- REDIR: 0x10043b4af (libsystem_malloc.dylib:malloc_zone_from_ptr) redirected to 0x1000ab94a (malloc_zone_from_ptr)
--15051-- REDIR: 0x10043add5 (libsystem_malloc.dylib:free) redirected to 0x1000aa989 (free)
--15051-- REDIR: 0x10043bf10 (libsystem_malloc.dylib:realloc) redirected to 0x1000aaf49 (realloc)
game->player = 1
board->height = 24, board->width = 40
........................................
........................................
........................................
...OO...................................
....O...................................
....O...................................
........................................
........................................
........................................
........................................
........................................
........................................
........................................
........................................
........................................
........................................
........................................
........................................
........................................
................................x.......
...............................xx.......
...............................xx.......
........................................
........................................
game->player = 1
==15051== Invalid write of size 1
==15051==    at 0x100000FCB: ft_bzero (ft_bzero.c:22)
==15051==    by 0x1000087E9: free_game (allocate_free.c:66)
==15051==    by 0x100008005: main (main.c:52)
==15051==  Address 0x100b6eb07 is 11 bytes after a block of size 44 alloc'd
==15051==    at 0x1000AA616: malloc (in /Users/mybenzar/.brew/Cellar/valgrind/3.14.0/lib/valgrind/vgpreload_memcheck-amd64-darwin.so)
==15051==    by 0x100001124: ft_memalloc (ft_memalloc.c:19)
==15051==    by 0x100007F39: main (main.c:36)
==15051== 
==15051== 
==15051== HEAP SUMMARY:
==15051==     in use at exit: 19,634 bytes in 198 blocks
==15051==   total heap usage: 1,521 allocs, 1,323 frees, 56,179 bytes allocated
==15051== 
==15051== Searching for pointers to 198 not-freed blocks
==15051== Checked 9,919,848 bytes
==15051== 
==15051== 32 bytes in 1 blocks are definitely lost in loss record 17 of 52
==15051==    at 0x1000AA616: malloc (in /Users/mybenzar/.brew/Cellar/valgrind/3.14.0/lib/valgrind/vgpreload_memcheck-amd64-darwin.so)
==15051==    by 0x100001AA5: ft_strsplit (ft_strsplit.c:56)
==15051==    by 0x100008F56: get_dim (parse_piece.c:26)
==15051==    by 0x100008A9B: get_tab (parse_piece.c:49)
==15051==    by 0x100008A4E: get_piece (parse_piece.c:258)
==15051==    by 0x100007F9E: main (main.c:44)
==15051== 
==15051== 40 bytes in 1 blocks are definitely lost in loss record 21 of 52
==15051==    at 0x1000AA616: malloc (in /Users/mybenzar/.brew/Cellar/valgrind/3.14.0/lib/valgrind/vgpreload_memcheck-amd64-darwin.so)
==15051==    by 0x100009148: tabcpy (parse_piece.c:207)
==15051==    by 0x100008E41: check (parse_piece.c:228)
==15051==    by 0x100008A4E: get_piece (parse_piece.c:258)
==15051==    by 0x100007F9E: main (main.c:44)
==15051== 
==15051== 72 bytes in 3 blocks are possibly lost in loss record 33 of 52
==15051==    at 0x1000AAC82: calloc (in /Users/mybenzar/.brew/Cellar/valgrind/3.14.0/lib/valgrind/vgpreload_memcheck-amd64-darwin.so)
==15051==    by 0x1005C4832: map_images_nolock (in /usr/lib/libobjc.A.dylib)
==15051==    by 0x1005D7D6A: map_images (in /usr/lib/libobjc.A.dylib)
==15051==    by 0x10001903B: dyld::notifyBatchPartial(dyld_image_states, bool, char const* (*)(dyld_image_states, unsigned int, dyld_image_info const*), bool, bool) (in /usr/lib/dyld)
==15051==    by 0x100019255: dyld::registerObjCNotifiers(void (*)(unsigned int, char const* const*, mach_header const* const*), void (*)(char const*, mach_header const*), void (*)(char const*, mach_header const*)) (in /usr/lib/dyld)
==15051==    by 0x10021200A: _dyld_objc_notify_register (in /usr/lib/system/libdyld.dylib)
==15051==    by 0x1005C4072: _objc_init (in /usr/lib/libobjc.A.dylib)
==15051==    by 0x1001A568D: _os_object_init (in /usr/lib/system/libdispatch.dylib)
==15051==    by 0x1001A563A: libdispatch_init (in /usr/lib/system/libdispatch.dylib)
==15051==    by 0x1000B99D5: libSystem_initializer (in /usr/lib/libSystem.B.dylib)
==15051==    by 0x100029A1A: ImageLoaderMachO::doModInitFunctions(ImageLoader::LinkContext const&) (in /usr/lib/dyld)
==15051==    by 0x100029C1D: ImageLoaderMachO::doInitialization(ImageLoader::LinkContext const&) (in /usr/lib/dyld)
==15051== 
==15051== 144 (48 direct, 96 indirect) bytes in 1 blocks are definitely lost in loss record 36 of 52
==15051==    at 0x1000AA616: malloc (in /Users/mybenzar/.brew/Cellar/valgrind/3.14.0/lib/valgrind/vgpreload_memcheck-amd64-darwin.so)
==15051==    by 0x100001124: ft_memalloc (ft_memalloc.c:19)
==15051==    by 0x100008A0A: get_piece (parse_piece.c:254)
==15051==    by 0x100007F9E: main (main.c:44)
==15051== 
==15051== 1,184 (200 direct, 984 indirect) bytes in 1 blocks are definitely lost in loss record 47 of 52
==15051==    at 0x1000AA616: malloc (in /Users/mybenzar/.brew/Cellar/valgrind/3.14.0/lib/valgrind/vgpreload_memcheck-amd64-darwin.so)
==15051==    by 0x100008070: get_board (parse_player.c:93)
==15051==    by 0x100007F90: main (main.c:42)
==15051== 
==15051== LEAK SUMMARY:
==15051==    definitely lost: 320 bytes in 4 blocks
==15051==    indirectly lost: 1,080 bytes in 30 blocks
==15051==      possibly lost: 72 bytes in 3 blocks
==15051==    still reachable: 225 bytes in 8 blocks
==15051==         suppressed: 17,937 bytes in 153 blocks
==15051== Reachable blocks (those to which a pointer was found) are not shown.
==15051== To see them, rerun with: --leak-check=full --show-leak-kinds=all
==15051== 
==15051== ERROR SUMMARY: 17 errors from 6 contexts (suppressed: 12 from 12)
==15051== 
==15051== 12 errors in context 1 of 6:
==15051== Invalid write of size 1
==15051==    at 0x100000FCB: ft_bzero (ft_bzero.c:22)
==15051==    by 0x1000087E9: free_game (allocate_free.c:66)
==15051==    by 0x100008005: main (main.c:52)
==15051==  Address 0x100b6eb07 is 11 bytes after a block of size 44 alloc'd
==15051==    at 0x1000AA616: malloc (in /Users/mybenzar/.brew/Cellar/valgrind/3.14.0/lib/valgrind/vgpreload_memcheck-amd64-darwin.so)
==15051==    by 0x100001124: ft_memalloc (ft_memalloc.c:19)
==15051==    by 0x100007F39: main (main.c:36)
==15051== 
--15051-- 
--15051-- used_suppression:      5 OSX1012:19-Leak /Users/mybenzar/.brew/Cellar/valgrind/3.14.0/lib/valgrind/default.supp:924 suppressed: 8,792 bytes in 5 blocks
--15051-- used_suppression:      8 OSX1012:17-Leak /Users/mybenzar/.brew/Cellar/valgrind/3.14.0/lib/valgrind/default.supp:906 suppressed: 3,872 bytes in 61 blocks
--15051-- used_suppression:      3 OSX1012:16-Leak /Users/mybenzar/.brew/Cellar/valgrind/3.14.0/lib/valgrind/default.supp:897 suppressed: 3,072 bytes in 48 blocks
--15051-- used_suppression:     15 OSX1012:10-Leak /Users/mybenzar/.brew/Cellar/valgrind/3.14.0/lib/valgrind/default.supp:839 suppressed: 2,081 bytes in 35 blocks
--15051-- used_suppression:      4 OSX1012:18-Leak /Users/mybenzar/.brew/Cellar/valgrind/3.14.0/lib/valgrind/default.supp:915 suppressed: 120 bytes in 4 blocks
--15051-- used_suppression:      1 OSX1012:dyld-5 /Users/mybenzar/.brew/Cellar/valgrind/3.14.0/lib/valgrind/default.supp:1283
--15051-- used_suppression:      2 OSX1012:dyld-4 /Users/mybenzar/.brew/Cellar/valgrind/3.14.0/lib/valgrind/default.supp:1275
--15051-- used_suppression:      1 OSX1012:dyld-3 /Users/mybenzar/.brew/Cellar/valgrind/3.14.0/lib/valgrind/default.supp:1267
==15051== 
==15051== ERROR SUMMARY: 17 errors from 6 contexts (suppressed: 12 from 12)
