==13396== Memcheck, a memory error detector
==13396== Copyright (C) 2002-2017, and GNU GPL'd, by Julian Seward et al.
==13396== Using Valgrind-3.14.0-353a3587bb-20181007X and LibVEX; rerun with -h for copyright info
==13396== Command: ./mybenzar.filler
==13396== 
--13396-- Valgrind options:
--13396--    --leak-check=full
--13396--    -v
--13396--    --track-origins=yes
--13396-- Output from sysctl({CTL_KERN,KERN_VERSION}):
--13396--   Darwin Kernel Version 16.7.0: Thu Jun 15 17:36:27 PDT 2017; root:xnu-3789.70.16~2/RELEASE_X86_64
--13396-- Arch and hwcaps: AMD64, LittleEndian, amd64-cx16-rdtscp-sse3-avx
--13396-- Page sizes: currently 4096, max supported 4096
--13396-- Valgrind library directory: /Users/mybenzar/.brew/Cellar/valgrind/3.14.0/lib/valgrind
--13396-- ./mybenzar.filler (rx at 0x100000000, rw at 0x10000a000)
--13396--    reading syms   from primary file (112 1133)
--13396--    dSYM= ./mybenzar.filler.dSYM/Contents/Resources/DWARF/mybenzar.filler
--13396--    reading dwarf3 from dsyms file
--13396-- /usr/lib/dyld (rx at 0x100014000, rw at 0x100052000)
--13396--    reading syms   from primary file (6 1223)
--13396-- Scheduler: using generic scheduler lock implementation.
--13396-- Reading suppressions file: /Users/mybenzar/.brew/Cellar/valgrind/3.14.0/lib/valgrind/default.supp
==13396== embedded gdbserver: reading from /var/folders/zz/zyxvpxvq6csfxvn_n00040rh001064/T//vgdb-pipe-from-vgdb-to-13396-by-mybenzar-on-???
==13396== embedded gdbserver: writing to   /var/folders/zz/zyxvpxvq6csfxvn_n00040rh001064/T//vgdb-pipe-to-vgdb-from-13396-by-mybenzar-on-???
==13396== embedded gdbserver: shared mem   /var/folders/zz/zyxvpxvq6csfxvn_n00040rh001064/T//vgdb-pipe-shared-mem-vgdb-13396-by-mybenzar-on-???
==13396== 
==13396== TO CONTROL THIS PROCESS USING vgdb (which you probably
==13396== don't want to do, unless you know exactly what you're doing,
==13396== or are doing some strange experiment):
==13396==   /Users/mybenzar/.brew/Cellar/valgrind/3.14.0/lib/valgrind/../../bin/vgdb --pid=13396 ...command...
==13396== 
==13396== TO DEBUG THIS PROCESS USING GDB: start GDB like this
==13396==   /path/to/gdb ./mybenzar.filler
==13396== and then give GDB the following command
==13396==   target remote | /Users/mybenzar/.brew/Cellar/valgrind/3.14.0/lib/valgrind/../../bin/vgdb --pid=13396
==13396== --pid is optional if only one valgrind process is running
==13396== 
--13396-- REDIR: 0x10003a620 (dyld:strcmp) redirected to 0x2580577c6 (???)
--13396-- REDIR: 0x100034130 (dyld:arc4random) redirected to 0x258057864 (???)
--13396-- REDIR: 0x100033fe0 (dyld:strlen) redirected to 0x258057795 (???)
--13396-- REDIR: 0x100033f40 (dyld:strcpy) redirected to 0x2580577e2 (???)
--13396-- REDIR: 0x1000377dd (dyld:strcat) redirected to 0x2580577a6 (???)
--13396-- REDIR: 0x10003781b (dyld:strlcat) redirected to 0x2580577ff (???)
--13396-- /Users/mybenzar/.brew/Cellar/valgrind/3.14.0/lib/valgrind/vgpreload_core-amd64-darwin.so (rx at 0x10009f000, rw at 0x1000a5000)
--13396--    reading syms   from primary file (3 88)
--13396--    dSYM= /Users/mybenzar/.brew/Cellar/valgrind/3.14.0/lib/valgrind/vgpreload_core-amd64-darwin.so.dSYM/Contents/Resources/DWARF/vgpreload_core-amd64-darwin.so
--13396-- /Users/mybenzar/.brew/Cellar/valgrind/3.14.0/lib/valgrind/vgpreload_memcheck-amd64-darwin.so (rx at 0x1000a9000, rw at 0x1000b2000)
--13396--    reading syms   from primary file (72 96)
--13396--    dSYM= /Users/mybenzar/.brew/Cellar/valgrind/3.14.0/lib/valgrind/vgpreload_memcheck-amd64-darwin.so.dSYM/Contents/Resources/DWARF/vgpreload_memcheck-amd64-darwin.so
--13396-- /usr/lib/libSystem.B.dylib (rx at 0x1000b8000, rw at 0x1000ba000)
--13396--    reading syms   from primary file (31 5)
--13396-- /usr/lib/system/libcache.dylib (rx at 0x1000bf000, rw at 0x1000c4000)
--13396--    reading syms   from primary file (32 29)
--13396-- /usr/lib/system/libcommonCrypto.dylib (rx at 0x1000c9000, rw at 0x1000d4000)
--13396--    reading syms   from primary file (214 167)
--13396-- /usr/lib/system/libcompiler_rt.dylib (rx at 0x1000e1000, rw at 0x1000e9000)
--13396--    reading syms   from primary file (510 8)
--13396-- /usr/lib/system/libcopyfile.dylib (rx at 0x1000f6000, rw at 0x1000ff000)
--13396--    reading syms   from primary file (13 35)
--13396-- /usr/lib/system/libcorecrypto.dylib (rx at 0x100105000, rw at 0x100189000)
--13396--    reading syms   from primary file (479 678)
--13396-- /usr/lib/system/libdispatch.dylib (rx at 0x1001a4000, rw at 0x1001d6000)
--13396--    reading syms   from primary file (258 910)
--13396-- /usr/lib/system/libdyld.dylib (rx at 0x10020f000, rw at 0x100215000)
--13396--    reading syms   from primary file (98 130)
--13396-- /usr/lib/system/libkeymgr.dylib (rx at 0x10021d000, rw at 0x10021e000)
--13396--    reading syms   from primary file (12 3)
--13396-- /usr/lib/system/liblaunch.dylib (rx at 0x100222000, rw at 0x100223000)
--13396--    reading syms   from primary file (113 3)
--13396-- /usr/lib/system/libmacho.dylib (rx at 0x10022a000, rw at 0x100230000)
--13396--    reading syms   from primary file (102 1)
--13396-- /usr/lib/system/libquarantine.dylib (rx at 0x100236000, rw at 0x100239000)
--13396--    reading syms   from primary file (67 32)
--13396-- /usr/lib/system/libremovefile.dylib (rx at 0x10023f000, rw at 0x100241000)
--13396--    reading syms   from primary file (15 4)
--13396-- /usr/lib/system/libsystem_asl.dylib (rx at 0x100246000, rw at 0x10025f000)
--13396--    reading syms   from primary file (222 224)
--13396-- /usr/lib/system/libsystem_blocks.dylib (rx at 0x10026c000, rw at 0x10026d000)
--13396--    reading syms   from primary file (21 6)
--13396-- /usr/lib/system/libsystem_c.dylib (rx at 0x100271000, rw at 0x1002ff000)
--13396--    reading syms   from primary file (1331 777)
--13396-- /usr/lib/system/libsystem_configuration.dylib (rx at 0x100326000, rw at 0x10032a000)
--13396--    reading syms   from primary file (38 75)
--13396-- /usr/lib/system/libsystem_coreservices.dylib (rx at 0x100331000, rw at 0x100335000)
--13396--    reading syms   from primary file (14 36)
--13396-- /usr/lib/system/libsystem_coretls.dylib (rx at 0x10033a000, rw at 0x100353000)
--13396--    reading syms   from primary file (130 250)
--13396-- /usr/lib/system/libsystem_dnssd.dylib (rx at 0x10035e000, rw at 0x100365000)
--13396--    reading syms   from primary file (49 24)
--13396-- /usr/lib/system/libsystem_info.dylib (rx at 0x10036a000, rw at 0x100394000)
--13396--    reading syms   from primary file (523 519)
--13396-- /usr/lib/system/libsystem_kernel.dylib (rx at 0x1003a9000, rw at 0x1003cc000)
--13396--    reading syms   from primary file (1179 98)
--13396-- /usr/lib/system/libsystem_m.dylib (rx at 0x1003e3000, rw at 0x10042b000)
--13396--    reading syms   from primary file (605 1)
--13396-- /usr/lib/system/libsystem_malloc.dylib (rx at 0x100437000, rw at 0x100456000)
--13396--    reading syms   from primary file (117 253)
--13396-- /usr/lib/system/libsystem_network.dylib (rx at 0x100462000, rw at 0x1004bc000)
--13396--    reading syms   from primary file (730 584)
--13396-- /usr/lib/system/libsystem_networkextension.dylib (rx at 0x1004de000, rw at 0x1004e8000)
--13396--    reading syms   from primary file (89 229)
--13396-- /usr/lib/system/libsystem_notify.dylib (rx at 0x1004f3000, rw at 0x1004fd000)
--13396--    reading syms   from primary file (113 54)
--13396-- /usr/lib/system/libsystem_platform.dylib (rx at 0x100504000, rw at 0x10050d000)
--13396--    reading syms   from primary file (158 105)
--13396-- /usr/lib/system/libsystem_pthread.dylib (rx at 0x100515000, rw at 0x100520000)
--13396--    reading syms   from primary file (174 79)
--13396-- /usr/lib/system/libsystem_sandbox.dylib (rx at 0x10052c000, rw at 0x100530000)
--13396--    reading syms   from primary file (85 9)
--13396-- /usr/lib/system/libsystem_secinit.dylib (rx at 0x100536000, rw at 0x100538000)
--13396--    reading syms   from primary file (1 7)
--13396-- /usr/lib/system/libsystem_symptoms.dylib (rx at 0x10053d000, rw at 0x100545000)
--13396--    reading syms   from primary file (8 66)
--13396-- /usr/lib/system/libsystem_trace.dylib (rx at 0x10054b000, rw at 0x10055f000)
--13396--    reading syms   from primary file (101 236)
--13396-- /usr/lib/system/libunwind.dylib (rx at 0x10056d000, rw at 0x100573000)
--13396--    reading syms   from primary file (102 52)
--13396-- /usr/lib/system/libxpc.dylib (rx at 0x10057a000, rw at 0x1005a4000)
--13396--    reading syms   from primary file (515 825)
--13396-- /usr/lib/libobjc.A.dylib (rx at 0x1005c3000, rw at 0x100999000)
--13396--    reading syms   from primary file (368 886)
--13396-- /usr/lib/libc++abi.dylib (rx at 0x100a76000, rw at 0x100aa0000)
--13396--    reading syms   from primary file (339 188)
--13396-- /usr/lib/libc++.1.dylib (rx at 0x100aaf000, rw at 0x100b06000)
--13396--    reading syms   from primary file (1979 1610)
--13396-- REDIR: 0x100505760 (libsystem_platform.dylib:_platform_memcmp) redirected to 0x1000ac849 (_platform_memcmp)
--13396-- REDIR: 0x100505cc0 (libsystem_platform.dylib:_platform_strncmp) redirected to 0x1000ac055 (_platform_strncmp)
--13396-- REDIR: 0x100272b40 (libsystem_c.dylib:strlen) redirected to 0x1000abce6 (strlen)
--13396-- REDIR: 0x100506280 (libsystem_platform.dylib:_platform_strcmp) redirected to 0x1000ac0d1 (_platform_strcmp)
--13396-- REDIR: 0x10043bd61 (libsystem_malloc.dylib:calloc) redirected to 0x1000aabc7 (calloc)
--13396-- REDIR: 0x10043b3dc (libsystem_malloc.dylib:malloc_default_zone) redirected to 0x1000ab909 (malloc_default_zone)
--13396-- REDIR: 0x100439217 (libsystem_malloc.dylib:malloc_zone_malloc) redirected to 0x1000aa813 (malloc_zone_malloc)
--13396-- REDIR: 0x10043b3e7 (libsystem_malloc.dylib:malloc_zone_calloc) redirected to 0x1000aadb5 (malloc_zone_calloc)
--13396-- REDIR: 0x1004381e8 (libsystem_malloc.dylib:malloc) redirected to 0x1000aa5a0 (malloc)
--13396-- REDIR: 0x100505fa0 (libsystem_platform.dylib:_platform_memmove$VARIANT$Ivybridge) redirected to 0x1000acf83 (_platform_memmove$VARIANT$Ivybridge)
--13396-- REDIR: 0x10043b4af (libsystem_malloc.dylib:malloc_zone_from_ptr) redirected to 0x1000ab94a (malloc_zone_from_ptr)
--13396-- REDIR: 0x10043add5 (libsystem_malloc.dylib:free) redirected to 0x1000aa989 (free)
--13396-- REDIR: 0x10043bf10 (libsystem_malloc.dylib:realloc) redirected to 0x1000aaf49 (realloc)
==13396== 
==13396== HEAP SUMMARY:
==13396==     in use at exit: 18,234 bytes in 164 blocks
==13396==   total heap usage: 277 allocs, 113 frees, 29,129 bytes allocated
==13396== 
==13396== Searching for pointers to 164 not-freed blocks
==13396== Checked 9,919,816 bytes
==13396== 
==13396== 72 bytes in 3 blocks are possibly lost in loss record 28 of 44
==13396==    at 0x1000AAC82: calloc (in /Users/mybenzar/.brew/Cellar/valgrind/3.14.0/lib/valgrind/vgpreload_memcheck-amd64-darwin.so)
==13396==    by 0x1005C4832: map_images_nolock (in /usr/lib/libobjc.A.dylib)
==13396==    by 0x1005D7D6A: map_images (in /usr/lib/libobjc.A.dylib)
==13396==    by 0x10001903B: dyld::notifyBatchPartial(dyld_image_states, bool, char const* (*)(dyld_image_states, unsigned int, dyld_image_info const*), bool, bool) (in /usr/lib/dyld)
==13396==    by 0x100019255: dyld::registerObjCNotifiers(void (*)(unsigned int, char const* const*, mach_header const* const*), void (*)(char const*, mach_header const*), void (*)(char const*, mach_header const*)) (in /usr/lib/dyld)
==13396==    by 0x10021200A: _dyld_objc_notify_register (in /usr/lib/system/libdyld.dylib)
==13396==    by 0x1005C4072: _objc_init (in /usr/lib/libobjc.A.dylib)
==13396==    by 0x1001A568D: _os_object_init (in /usr/lib/system/libdispatch.dylib)
==13396==    by 0x1001A563A: libdispatch_init (in /usr/lib/system/libdispatch.dylib)
==13396==    by 0x1000B99D5: libSystem_initializer (in /usr/lib/libSystem.B.dylib)
==13396==    by 0x100029A1A: ImageLoaderMachO::doModInitFunctions(ImageLoader::LinkContext const&) (in /usr/lib/dyld)
==13396==    by 0x100029C1D: ImageLoaderMachO::doInitialization(ImageLoader::LinkContext const&) (in /usr/lib/dyld)
==13396== 
==13396== LEAK SUMMARY:
==13396==    definitely lost: 0 bytes in 0 blocks
==13396==    indirectly lost: 0 bytes in 0 blocks
==13396==      possibly lost: 72 bytes in 3 blocks
==13396==    still reachable: 225 bytes in 8 blocks
==13396==         suppressed: 17,937 bytes in 153 blocks
==13396== Reachable blocks (those to which a pointer was found) are not shown.
==13396== To see them, rerun with: --leak-check=full --show-leak-kinds=all
==13396== 
==13396== ERROR SUMMARY: 1 errors from 1 contexts (suppressed: 12 from 12)
--13396-- 
--13396-- used_suppression:      5 OSX1012:19-Leak /Users/mybenzar/.brew/Cellar/valgrind/3.14.0/lib/valgrind/default.supp:924 suppressed: 8,792 bytes in 5 blocks
--13396-- used_suppression:      8 OSX1012:17-Leak /Users/mybenzar/.brew/Cellar/valgrind/3.14.0/lib/valgrind/default.supp:906 suppressed: 3,872 bytes in 61 blocks
--13396-- used_suppression:      3 OSX1012:16-Leak /Users/mybenzar/.brew/Cellar/valgrind/3.14.0/lib/valgrind/default.supp:897 suppressed: 3,072 bytes in 48 blocks
--13396-- used_suppression:     15 OSX1012:10-Leak /Users/mybenzar/.brew/Cellar/valgrind/3.14.0/lib/valgrind/default.supp:839 suppressed: 2,081 bytes in 35 blocks
--13396-- used_suppression:      4 OSX1012:18-Leak /Users/mybenzar/.brew/Cellar/valgrind/3.14.0/lib/valgrind/default.supp:915 suppressed: 120 bytes in 4 blocks
--13396-- used_suppression:      1 OSX1012:dyld-5 /Users/mybenzar/.brew/Cellar/valgrind/3.14.0/lib/valgrind/default.supp:1283
--13396-- used_suppression:      2 OSX1012:dyld-4 /Users/mybenzar/.brew/Cellar/valgrind/3.14.0/lib/valgrind/default.supp:1275
--13396-- used_suppression:      1 OSX1012:dyld-3 /Users/mybenzar/.brew/Cellar/valgrind/3.14.0/lib/valgrind/default.supp:1267
==13396== 
==13396== ERROR SUMMARY: 1 errors from 1 contexts (suppressed: 12 from 12)
